<?xml version="1.0" encoding="UTF-8"?>
<testsuite name="com.kkwonsy.couponservice.domain.coupon.CouponRepositoryTest" tests="1" skipped="0" failures="0" errors="0" timestamp="2020-06-16T04:28:13" hostname="SKP1004415MN0001.local" time="0.476">
  <properties/>
  <testcase name="save_coupon_and_load_it()" classname="com.kkwonsy.couponservice.domain.coupon.CouponRepositoryTest" time="0.476"/>
  <system-out><![CDATA[13:28:08.509 [Test worker] DEBUG org.springframework.test.context.BootstrapUtils - Instantiating CacheAwareContextLoaderDelegate from class [org.springframework.test.context.cache.DefaultCacheAwareContextLoaderDelegate]
13:28:08.524 [Test worker] DEBUG org.springframework.test.context.BootstrapUtils - Instantiating BootstrapContext using constructor [public org.springframework.test.context.support.DefaultBootstrapContext(java.lang.Class,org.springframework.test.context.CacheAwareContextLoaderDelegate)]
13:28:08.552 [Test worker] DEBUG org.springframework.test.context.BootstrapUtils - Instantiating TestContextBootstrapper for test class [com.kkwonsy.couponservice.domain.coupon.CouponRepositoryTest] from class [org.springframework.boot.test.context.SpringBootTestContextBootstrapper]
13:28:08.568 [Test worker] INFO org.springframework.boot.test.context.SpringBootTestContextBootstrapper - Neither @ContextConfiguration nor @ContextHierarchy found for test class [com.kkwonsy.couponservice.domain.coupon.CouponRepositoryTest], using SpringBootContextLoader
13:28:08.573 [Test worker] DEBUG org.springframework.test.context.support.AbstractContextLoader - Did not detect default resource location for test class [com.kkwonsy.couponservice.domain.coupon.CouponRepositoryTest]: class path resource [com/kkwonsy/couponservice/domain/coupon/CouponRepositoryTest-context.xml] does not exist
13:28:08.574 [Test worker] DEBUG org.springframework.test.context.support.AbstractContextLoader - Did not detect default resource location for test class [com.kkwonsy.couponservice.domain.coupon.CouponRepositoryTest]: class path resource [com/kkwonsy/couponservice/domain/coupon/CouponRepositoryTestContext.groovy] does not exist
13:28:08.574 [Test worker] INFO org.springframework.test.context.support.AbstractContextLoader - Could not detect default resource locations for test class [com.kkwonsy.couponservice.domain.coupon.CouponRepositoryTest]: no resource found for suffixes {-context.xml, Context.groovy}.
13:28:08.575 [Test worker] INFO org.springframework.test.context.support.AnnotationConfigContextLoaderUtils - Could not detect default configuration classes for test class [com.kkwonsy.couponservice.domain.coupon.CouponRepositoryTest]: CouponRepositoryTest does not declare any static, non-private, non-final, nested classes annotated with @Configuration.
13:28:08.625 [Test worker] DEBUG org.springframework.test.context.support.ActiveProfilesUtils - Could not find an 'annotation declaring class' for annotation type [org.springframework.test.context.ActiveProfiles] and class [com.kkwonsy.couponservice.domain.coupon.CouponRepositoryTest]
13:28:08.697 [Test worker] DEBUG org.springframework.context.annotation.ClassPathScanningCandidateComponentProvider - Identified candidate component class: file [/Users/1004415/git/kkwonsy/couponservice/resourceserver/build/classes/java/main/com/kkwonsy/couponservice/CouponserviceApplication.class]
13:28:08.698 [Test worker] INFO org.springframework.boot.test.context.SpringBootTestContextBootstrapper - Found @SpringBootConfiguration com.kkwonsy.couponservice.CouponserviceApplication for test class com.kkwonsy.couponservice.domain.coupon.CouponRepositoryTest
13:28:08.785 [Test worker] DEBUG org.springframework.boot.test.context.SpringBootTestContextBootstrapper - @TestExecutionListeners is not present for class [com.kkwonsy.couponservice.domain.coupon.CouponRepositoryTest]: using defaults.
13:28:08.786 [Test worker] INFO org.springframework.boot.test.context.SpringBootTestContextBootstrapper - Loaded default TestExecutionListener class names from location [META-INF/spring.factories]: [org.springframework.boot.test.autoconfigure.restdocs.RestDocsTestExecutionListener, org.springframework.boot.test.autoconfigure.web.client.MockRestServiceServerResetTestExecutionListener, org.springframework.boot.test.autoconfigure.web.servlet.MockMvcPrintOnlyOnFailureTestExecutionListener, org.springframework.boot.test.autoconfigure.web.servlet.WebDriverTestExecutionListener, org.springframework.boot.test.mock.mockito.MockitoTestExecutionListener, org.springframework.boot.test.mock.mockito.ResetMocksTestExecutionListener, org.springframework.test.context.web.ServletTestExecutionListener, org.springframework.test.context.support.DirtiesContextBeforeModesTestExecutionListener, org.springframework.test.context.support.DependencyInjectionTestExecutionListener, org.springframework.test.context.support.DirtiesContextTestExecutionListener, org.springframework.test.context.transaction.TransactionalTestExecutionListener, org.springframework.test.context.jdbc.SqlScriptsTestExecutionListener, org.springframework.test.context.event.EventPublishingTestExecutionListener]
13:28:08.801 [Test worker] INFO org.springframework.boot.test.context.SpringBootTestContextBootstrapper - Using TestExecutionListeners: [org.springframework.test.context.web.ServletTestExecutionListener@5a751c26, org.springframework.test.context.support.DirtiesContextBeforeModesTestExecutionListener@1bdbf0a, org.springframework.boot.test.mock.mockito.MockitoTestExecutionListener@2c06675f, org.springframework.boot.test.autoconfigure.SpringBootDependencyInjectionTestExecutionListener@27736ffc, org.springframework.test.context.support.DirtiesContextTestExecutionListener@5515d318, org.springframework.test.context.transaction.TransactionalTestExecutionListener@393c635f, org.springframework.test.context.jdbc.SqlScriptsTestExecutionListener@269fd7b8, org.springframework.test.context.event.EventPublishingTestExecutionListener@1a2f5018, org.springframework.boot.test.autoconfigure.restdocs.RestDocsTestExecutionListener@61d9dd56, org.springframework.boot.test.autoconfigure.web.client.MockRestServiceServerResetTestExecutionListener@3ba57ca9, org.springframework.boot.test.autoconfigure.web.servlet.MockMvcPrintOnlyOnFailureTestExecutionListener@635f5e72, org.springframework.boot.test.autoconfigure.web.servlet.WebDriverTestExecutionListener@3106d91, org.springframework.boot.test.mock.mockito.ResetMocksTestExecutionListener@2c0c23c8]
13:28:08.805 [Test worker] DEBUG org.springframework.test.context.support.AbstractDirtiesContextTestExecutionListener - Before test class: context [DefaultTestContext@6c0bb6ef testClass = CouponRepositoryTest, testInstance = [null], testMethod = [null], testException = [null], mergedContextConfiguration = [WebMergedContextConfiguration@660eaa3a testClass = CouponRepositoryTest, locations = '{}', classes = '{class com.kkwonsy.couponservice.CouponserviceApplication}', contextInitializerClasses = '[]', activeProfiles = '{}', propertySourceLocations = '{}', propertySourceProperties = '{org.springframework.boot.test.context.SpringBootTestContextBootstrapper=true}', contextCustomizers = set[org.springframework.boot.test.autoconfigure.properties.PropertyMappingContextCustomizer@0, org.springframework.boot.test.autoconfigure.web.servlet.WebDriverContextCustomizerFactory$Customizer@7e3a967c, org.springframework.boot.test.context.filter.ExcludeFilterContextCustomizer@319744dd, org.springframework.boot.test.json.DuplicateJsonObjectContextCustomizerFactory$DuplicateJsonObjectContextCustomizer@3d7e27f8, org.springframework.boot.test.mock.mockito.MockitoContextCustomizer@0, org.springframework.boot.test.web.client.TestRestTemplateContextCustomizer@4784e4c0], resourceBasePath = 'src/main/webapp', contextLoader = 'org.springframework.boot.test.context.SpringBootContextLoader', parent = [null]], attributes = map['org.springframework.test.context.web.ServletTestExecutionListener.activateListener' -> true]], class annotated with @DirtiesContext [false] with mode [null].
13:28:08.831 [Test worker] DEBUG org.springframework.test.context.support.TestPropertySourceUtils - Adding inlined properties to environment: {spring.jmx.enabled=false, org.springframework.boot.test.context.SpringBootTestContextBootstrapper=true, server.port=-1}

  .   ____          _            __ _ _
 /\\ / ___'_ __ _ _(_)_ __  __ _ \ \ \ \
( ( )\___ | '_ | '_| | '_ \/ _` | \ \ \ \
 \\/  ___)| |_)| | | | | || (_| |  ) ) ) )
  '  |____| .__|_| |_|_| |_\__, | / / / /
 =========|_|==============|___/=/_/_/_/
 :: Spring Boot ::        (v2.2.1.RELEASE)

2020-06-16 13:28:09.145  INFO 15958 --- [    Test worker] c.k.c.d.coupon.CouponRepositoryTest      : Starting CouponRepositoryTest on SKP1004415MN0001.local with PID 15958 (started by 1004415 in /Users/1004415/git/kkwonsy/couponservice/resourceserver)
2020-06-16 13:28:09.146  INFO 15958 --- [    Test worker] c.k.c.d.coupon.CouponRepositoryTest      : No active profile set, falling back to default profiles: default
2020-06-16 13:28:10.116  INFO 15958 --- [    Test worker] .s.d.r.c.RepositoryConfigurationDelegate : Bootstrapping Spring Data repositories in DEFAULT mode.
2020-06-16 13:28:10.177  INFO 15958 --- [    Test worker] .s.d.r.c.RepositoryConfigurationDelegate : Finished Spring Data repository scanning in 54ms. Found 1 repository interfaces.
2020-06-16 13:28:10.531  INFO 15958 --- [    Test worker] trationDelegate$BeanPostProcessorChecker : Bean 'org.springframework.transaction.annotation.ProxyTransactionManagementConfiguration' of type [org.springframework.transaction.annotation.ProxyTransactionManagementConfiguration] is not eligible for getting processed by all BeanPostProcessors (for example: not eligible for auto-proxying)
2020-06-16 13:28:10.730  INFO 15958 --- [    Test worker] com.zaxxer.hikari.HikariDataSource       : HikariPool-1 - Starting...
2020-06-16 13:28:10.925  INFO 15958 --- [    Test worker] com.zaxxer.hikari.HikariDataSource       : HikariPool-1 - Start completed.
2020-06-16 13:28:11.013  INFO 15958 --- [    Test worker] o.hibernate.jpa.internal.util.LogHelper  : HHH000204: Processing PersistenceUnitInfo [name: default]
2020-06-16 13:28:11.082  INFO 15958 --- [    Test worker] org.hibernate.Version                    : HHH000412: Hibernate Core {5.4.8.Final}
2020-06-16 13:28:11.231  INFO 15958 --- [    Test worker] o.hibernate.annotations.common.Version   : HCANN000001: Hibernate Commons Annotations {5.1.0.Final}
2020-06-16 13:28:11.352  INFO 15958 --- [    Test worker] org.hibernate.dialect.Dialect            : HHH000400: Using dialect: org.hibernate.dialect.H2Dialect
2020-06-16 13:28:12.029  INFO 15958 --- [    Test worker] o.h.e.t.j.p.i.JtaPlatformInitiator       : HHH000490: Using JtaPlatform implementation: [org.hibernate.engine.transaction.jta.platform.internal.NoJtaPlatform]
2020-06-16 13:28:12.036  INFO 15958 --- [    Test worker] j.LocalContainerEntityManagerFactoryBean : Initialized JPA EntityManagerFactory for persistence unit 'default'
2020-06-16 13:28:12.386  WARN 15958 --- [    Test worker] JpaBaseConfiguration$JpaWebConfiguration : spring.jpa.open-in-view is enabled by default. Therefore, database queries may be performed during view rendering. Explicitly configure spring.jpa.open-in-view to disable this warning
2020-06-16 13:28:13.022  INFO 15958 --- [    Test worker] o.s.s.concurrent.ThreadPoolTaskExecutor  : Initializing ExecutorService 'applicationTaskExecutor'
2020-06-16 13:28:13.495  INFO 15958 --- [    Test worker] o.s.b.a.e.web.EndpointLinksResolver      : Exposing 2 endpoint(s) beneath base path '/actuator'
2020-06-16 13:28:13.561  INFO 15958 --- [    Test worker] c.k.c.d.coupon.CouponRepositoryTest      : Started CouponRepositoryTest in 4.721 seconds (JVM running for 5.92)
]]></system-out>
  <system-err><![CDATA[]]></system-err>
</testsuite>
